2025-06-20T18:22:31.937Z info: Refresh usingToken () response is : {
  "expires_in": 3600,
  "x_refresh_token_expires_in": 8719689,
  "refresh_token": "RT1-58-H0-1759163441ygr5ovysdc0yvce643ht",
  "access_token": "eyJhbGciOiJkaXIiLCJlbmMiOiJBMTI4Q0JDLUhTMjU2IiwieC5vcmciOiJIMCJ9..MAFJaqEtEhLOWZTXHkUekw.3N2D2JUAa2_TjlVptYhv701NgWn15EGrZPM37IMFROldP0zrjygBHx-kpKGcxgWF03Bd2pDUAhuzsna3P73bd83V-iKRcPKunN_Plf9gSn58hXDFQNb-SNOHxi30YapqFQcM2_pZvkVwaYIZ8m4d2X_SbdfaJwV2k-_8y6iyvK94f9l4mE4dRpePQEmcKHRWfz49HsLQnlbDz5QZmjO-qgjkSZyoLZc0yX_TdRgda1jM7xkfc0mN6fBoDyiSlQlSWAy490gc7gDdkIxK8mSaNaiDSZ2EV8l_webbd06u8iNLSk2ldzfmiNcZPBrqDBQAM-KSmLrEFrs49Y75Z50oog17xKPj_A3KOsfhJdO1k4JJzq4Q78LACipTXr69pP6UAnhZg_4bU0lHjU5yV_46l6LlKQiMxYBwSNCEsY96G9tWD01AvhppLVLndBMasBJ3p8CcPdX3wLttGwtNfX96HEiEFPGsfrRNZ0k7jvrvOrc.Ejox9C6GJkesBaXSuhI1Kw",
  "token_type": "bearer"
}
2025-06-23T18:09:03.702Z info: The Authorize Uri is :https://appcenter.intuit.com/connect/oauth2?client_id=ABzUPpUeKqJXKFmZz9WPaQtUTiA3Eni6MB0vgA351YINP33lI8&redirect_uri=https%3A%2F%2Fdeliverable-tracking.ngrok.io%2Fapi%2Fquickbooks%2Fcallback&response_type=code&scope=com.intuit.quickbooks.accounting&state=qb-auth-1750702143699
2025-06-23T18:09:35.272Z info: Refresh usingToken () response is : {
  "expires_in": 3600,
  "x_refresh_token_expires_in": 8726400,
  "refresh_token": "RT1-218-H0-175942857681x2wj6vg1gmbceigft6",
  "access_token": "eyJhbGciOiJkaXIiLCJlbmMiOiJBMTI4Q0JDLUhTMjU2IiwieC5vcmciOiJIMCJ9..33tyYf06jI0fCSfogsoDxA.52nY6YkNarjcUEvKS2NnumfoKY7fz0_7HNjlnG-elqdK7a75-tvZIwHjDh2ZGCn_DMGENrzhOR_Pj6Fd0rqxri0xEsJXqo3degcsDysB0Jekvnzg0FRhimW-Hxtvm1JBTxwmml8FbK0SWL3ItyGY5g1TUFUtqzq120NSkvOEqugeuZURzTx-drxA_lZu-NsqhBLA-AXD7Ilo9Tehz85I_XNTm4Q1OVWO8VqKt4i6pqJvj4C_gx_Ece1zTF0d731eorIJKWfGmCLopipJXETn-3tWJePV-p94d8MDBWmXor1np_ti7doHKn_ObP45W8aATLrLxfXf25i1jcoNGdwmbkilinJms18z-LKksTD6YaMz3sBquEfy1FLuWi8-z0p9Tgeuncy18mMxUEb8fIcp4Q8o6tD1eHZ_giqVOm-afq-zAdhjrFPci6_FjxNLD34TJlfdJI7_I2v5qaHFB0metC0rUQL586IjItRj5On8W9g.rE0nf1us0JTPcIwVhgUswQ",
  "token_type": "bearer"
}
2025-06-23T19:07:34.255Z info: The Authorize Uri is :https://appcenter.intuit.com/connect/oauth2?client_id=ABzUPpUeKqJXKFmZz9WPaQtUTiA3Eni6MB0vgA351YINP33lI8&redirect_uri=https%3A%2F%2Fdeliverable-tracking.ngrok.io%2Fapi%2Fquickbooks%2Fcallback&response_type=code&scope=com.intuit.quickbooks.accounting&state=qb-auth-1750705654252
2025-06-23T19:09:33.997Z info: The Authorize Uri is :https://appcenter.intuit.com/connect/oauth2?client_id=ABzUPpUeKqJXKFmZz9WPaQtUTiA3Eni6MB0vgA351YINP33lI8&redirect_uri=https%3A%2F%2Fdeliverable-tracking.ngrok.io%2Fapi%2Fquickbooks%2Fcallback&response_type=code&scope=com.intuit.quickbooks.accounting&state=qb-auth-1750705773997
2025-06-23T19:09:38.068Z info: Create Token response is : {
  "expires_in": 3600,
  "token_type": "bearer",
  "x_refresh_token_expires_in": 8726399,
  "refresh_token": "RT1-70-H0-1759432178w7ppqcyts0nxv206ou0p",
  "access_token": "eyJhbGciOiJkaXIiLCJlbmMiOiJBMTI4Q0JDLUhTMjU2IiwieC5vcmciOiJIMCJ9..qnFnFqyiEAmWMc6CGzrcdQ.OliCj7J5KseiIai9tTQvBHGgM8vf2EyrAm31bV_PbcQNflKQagUEIGsxUSaZOoem5DSd_EVJ863nbS6WQYM41jr8Xptm10WOf4XnEy-u0u6Pjq_maSQBc4BR_7pHzNHb3FZSAablJFyhGpFQubgopcmwlkqMA7Su9hXANQzk8gNIXsm_jvQKADc3aylvuDHYE-pULaLJGuQ4jLbnDX2RuUj2XobYmDZJpTTNH2dE32Bo77dPRySQ6XH5S8PbANhHVMgu0MSjugL0xNAiP1Ey8xKZiVOqqMdZxQJBkm1GPrMiWH5xEeLQPT6UHwB1heLGfdyGkKUQSkI3rg2c3b8NcHc800Cc7hZ2EbhJTdFluHPdjQJoIF7rszsc9mqelnxCR7YWNXkhtpj4zPCHx7gjQdUVgI2Dun4cBE7ZHWJNunGV2d0qScoo24VbytwxYRJw9MAglncVNni1jbVGAHxzyXskqtxGcgHDlMuQy6lSWJE.-R4JEHImZ85D4-fzzjxgcg"
}
2025-06-23T19:09:57.427Z info: The Authorize Uri is :https://appcenter.intuit.com/connect/oauth2?client_id=ABzUPpUeKqJXKFmZz9WPaQtUTiA3Eni6MB0vgA351YINP33lI8&redirect_uri=https%3A%2F%2Fdeliverable-tracking.ngrok.io%2Fapi%2Fquickbooks%2Fcallback&response_type=code&scope=com.intuit.quickbooks.accounting&state=qb-auth-1750705797426
2025-06-23T19:10:01.097Z info: Create Token response is : {
  "token_type": "bearer",
  "access_token": "eyJhbGciOiJkaXIiLCJlbmMiOiJBMTI4Q0JDLUhTMjU2IiwieC5vcmciOiJIMCJ9..Ud0pcWsHc4hqVq0wmIeYKQ.qdqV6NNAvYMGluGm34Are_wZoo3yr94evZ_GKIfeKVwm4dRI5k7RGC_hcAmQeMpyWjN2R50p7AGv1qTcvF5r3Kvy2ILrMCzCNe4K9qn-eSdB1Npg7OYaiMGUJQVF25L1BjNb6_Bf3829iLZbyXrSJN7cBOfjPb9lCH7piYoXjIgNTBFLaeRTOoNBdopp1wFgcETxwVgupdLeIs1mPcUiE5ERMPHuXRuR7w4GXqHVuY5Jb-iiEmQJTeXF8cAnsZhjrnmmXaQfiOoo1ZTxvJJ_ocWYRKkLezC_oizlFk70WJMNSzOkydcKJXOkbghz3s3HzvdWWAdvQEyBn4d9f0TkIsIVn2W6YBW_tZuiutfvzKgQugwTvu-zzdw1lFc09RhTvRL8rb3Tjz5YuyOgJCPu6Oet-xSroX43bIBj6SQTY35lw55c1SDTemkuMKCVCFP-LS0cP71mZLdkIAMKlDjwtTou1vgga0sJ1vf5APKbrQc.bXtXKDfTIavpecjSW-z5Zw",
  "refresh_token": "RT1-186-H0-1759432202z63kwpjg8stv44n0gw25",
  "x_refresh_token_expires_in": 8726400,
  "expires_in": 3600
}
2025-06-23T19:12:08.611Z info: The Authorize Uri is :https://appcenter.intuit.com/connect/oauth2?client_id=ABzUPpUeKqJXKFmZz9WPaQtUTiA3Eni6MB0vgA351YINP33lI8&redirect_uri=https%3A%2F%2Fdeliverable-tracking.ngrok.io%2Fapi%2Fquickbooks%2Fcallback&response_type=code&scope=com.intuit.quickbooks.accounting&state=qb-auth-1750705928609
2025-06-23T19:12:12.863Z info: Create Token response is : {
  "expires_in": 3600,
  "x_refresh_token_expires_in": 8726400,
  "refresh_token": "RT1-160-H0-1759432333oqbhnbw80zww5opvzl8d",
  "access_token": "eyJhbGciOiJkaXIiLCJlbmMiOiJBMTI4Q0JDLUhTMjU2IiwieC5vcmciOiJIMCJ9..Y94qlxmc2EFhcH22xOpoKw.e2C6reJsoRNZAHQiJ_rxV7sfL1o5Y1NacLDMZfYwVrLMIsD4_jruZmSVmiWF3zIFFF37mVKLDgxojTu0-nI9tN5bu7cg-e5_xhBAH89WUUC_A2cljwKaO3aEg_2Zi0EWVhRyZjPce7_iZ82P9HwiN78lyd9M5BC-dFqASi5KRHYkjSNtFOt2Yy3oWTQkG1ZhGLyuEw1X1aT07bnrV37ESr5wlF5C_3ubwm0VsVau9Q9CulaaIFTOivLR4iAORSsYrFJPq8QbvwPPEAWyhwjQsZnFr3wg-Q3MEZCCUwa3EEmCgqd3Lrec69rPMHROBRfQc4Yqxn7fQtfmut4_Sfzww0X69XNDfE-K0jiq4W5MjXCqNKrMdp1oNVvXOFER8-hHii_u1UgcL3HWdQA-p4Yi7DEOrcte-wN1NzBP_yUihMFM-OBAfA4boWYs__XoXcojLz_NXxudjDSGsnU8aq59tWIvwYIgp68Ryzu9iNivdfo.oYBDCaoR48aNHcpXjMItdQ",
  "token_type": "bearer"
}
2025-06-23T19:13:43.554Z info: The Authorize Uri is :https://appcenter.intuit.com/connect/oauth2?client_id=ABzUPpUeKqJXKFmZz9WPaQtUTiA3Eni6MB0vgA351YINP33lI8&redirect_uri=https%3A%2F%2Fdeliverable-tracking.ngrok.io%2Fapi%2Fquickbooks%2Fcallback&response_type=code&scope=com.intuit.quickbooks.accounting&state=qb-auth-1750706023553
2025-06-23T19:13:47.977Z info: Create Token response is : {
  "expires_in": 3600,
  "access_token": "eyJhbGciOiJkaXIiLCJlbmMiOiJBMTI4Q0JDLUhTMjU2IiwieC5vcmciOiJIMCJ9..qFT9ZQiOw7-LrB2jpDSAGw.x2eSL6AEvF-0KEp9bkIayYoiQp0nzO3VB1q_0nCx57IkKl7GIfClUjKHCVDXYygR1aXWyF-RLri53RW_cfp4Z0ia6e7vkFCPQ9OBNr7wFaAiMpuGF7kUvv53h-WVi6k1ss73W0D_J7BtpmnCuvtnfSB-RQj-xHVGeVK1aJ3CmJ-oHAGqPTAWXNJCHmbHen8m4NQ3abVvfu1cIMT69wn93FmNpfKq6LSgS2H06O2sVnVG0TfMoMK3SVumXNeIkBnaBj3juA1LUZK12CkJGNsumNGSmfMNN72cZQtZiDqXeiX5hVf-UJ02tNndEmfLigv6iXTSEqcZ0zdLcStS0h1Q6qt3YafB_QI_47bLQB5Z-epco63jD7Lyzlz-xY4O_5N9oZIl_nuisj1hQXqdP6O_ufHKhTS7BL5FnfT4-S5-1TAP8aXTg-Mif9Xa7Eo8V1zyqGZdygRW4oTQ34Y5usCVi1nFSD8JoIF5dcVp8XLSdK4.BRp5LyRojAKTGGteYVxQ3g",
  "token_type": "bearer",
  "refresh_token": "RT1-231-H0-1759432428d17rdcom4r4u1q0rup93",
  "x_refresh_token_expires_in": 8726400
}
